[DEBUG] 2024-12-03 14:46:02.558 [main] TestNG - suiteXmlPath: "C:\TestingGitRepo\myrepo3\seleniumwebdriver\master.xml"
[DEBUG] 2024-12-03 14:46:09.190 [main] PackageRelationshipCollection - Parsing relationship: /xl/_rels/workbook.xml.rels
[DEBUG] 2024-12-03 14:46:09.191 [main] PackageRelationshipCollection - Parsing relationship: /xl/worksheets/_rels/sheet1.xml.rels
[DEBUG] 2024-12-03 14:46:09.193 [main] PackageRelationshipCollection - Parsing relationship: /_rels/.rels
[DEBUG] 2024-12-03 14:46:09.608 [main] POIXMLFactory - using default POIXMLDocumentPart for http://schemas.openxmlformats.org/officeDocument/2006/relationships/printerSettings
[DEBUG] 2024-12-03 14:46:09.714 [main] PackageRelationshipCollection - Parsing relationship: /xl/_rels/workbook.xml.rels
[DEBUG] 2024-12-03 14:46:09.715 [main] PackageRelationshipCollection - Parsing relationship: /xl/worksheets/_rels/sheet1.xml.rels
[DEBUG] 2024-12-03 14:46:09.715 [main] PackageRelationshipCollection - Parsing relationship: /_rels/.rels
[DEBUG] 2024-12-03 14:46:09.728 [main] POIXMLFactory - using default POIXMLDocumentPart for http://schemas.openxmlformats.org/officeDocument/2006/relationships/printerSettings
[DEBUG] 2024-12-03 14:46:09.741 [main] PackageRelationshipCollection - Parsing relationship: /xl/_rels/workbook.xml.rels
[DEBUG] 2024-12-03 14:46:09.743 [main] PackageRelationshipCollection - Parsing relationship: /xl/worksheets/_rels/sheet1.xml.rels
[DEBUG] 2024-12-03 14:46:09.744 [main] PackageRelationshipCollection - Parsing relationship: /_rels/.rels
[DEBUG] 2024-12-03 14:46:09.754 [main] POIXMLFactory - using default POIXMLDocumentPart for http://schemas.openxmlformats.org/officeDocument/2006/relationships/printerSettings
[DEBUG] 2024-12-03 14:46:09.777 [main] PackageRelationshipCollection - Parsing relationship: /xl/_rels/workbook.xml.rels
[DEBUG] 2024-12-03 14:46:09.778 [main] PackageRelationshipCollection - Parsing relationship: /xl/worksheets/_rels/sheet1.xml.rels
[DEBUG] 2024-12-03 14:46:09.780 [main] PackageRelationshipCollection - Parsing relationship: /_rels/.rels
[DEBUG] 2024-12-03 14:46:09.789 [main] POIXMLFactory - using default POIXMLDocumentPart for http://schemas.openxmlformats.org/officeDocument/2006/relationships/printerSettings
[DEBUG] 2024-12-03 14:46:09.812 [main] PackageRelationshipCollection - Parsing relationship: /xl/_rels/workbook.xml.rels
[DEBUG] 2024-12-03 14:46:09.813 [main] PackageRelationshipCollection - Parsing relationship: /xl/worksheets/_rels/sheet1.xml.rels
[DEBUG] 2024-12-03 14:46:09.814 [main] PackageRelationshipCollection - Parsing relationship: /_rels/.rels
[DEBUG] 2024-12-03 14:46:09.823 [main] POIXMLFactory - using default POIXMLDocumentPart for http://schemas.openxmlformats.org/officeDocument/2006/relationships/printerSettings
[DEBUG] 2024-12-03 14:46:09.837 [main] PackageRelationshipCollection - Parsing relationship: /xl/_rels/workbook.xml.rels
[DEBUG] 2024-12-03 14:46:09.838 [main] PackageRelationshipCollection - Parsing relationship: /xl/worksheets/_rels/sheet1.xml.rels
[DEBUG] 2024-12-03 14:46:09.839 [main] PackageRelationshipCollection - Parsing relationship: /_rels/.rels
[DEBUG] 2024-12-03 14:46:09.848 [main] POIXMLFactory - using default POIXMLDocumentPart for http://schemas.openxmlformats.org/officeDocument/2006/relationships/printerSettings
[DEBUG] 2024-12-03 14:46:09.860 [main] PackageRelationshipCollection - Parsing relationship: /xl/_rels/workbook.xml.rels
[DEBUG] 2024-12-03 14:46:09.861 [main] PackageRelationshipCollection - Parsing relationship: /xl/worksheets/_rels/sheet1.xml.rels
[DEBUG] 2024-12-03 14:46:09.862 [main] PackageRelationshipCollection - Parsing relationship: /_rels/.rels
[DEBUG] 2024-12-03 14:46:09.869 [main] POIXMLFactory - using default POIXMLDocumentPart for http://schemas.openxmlformats.org/officeDocument/2006/relationships/printerSettings
[DEBUG] 2024-12-03 14:46:09.880 [main] PackageRelationshipCollection - Parsing relationship: /xl/_rels/workbook.xml.rels
[DEBUG] 2024-12-03 14:46:09.881 [main] PackageRelationshipCollection - Parsing relationship: /xl/worksheets/_rels/sheet1.xml.rels
[DEBUG] 2024-12-03 14:46:09.881 [main] PackageRelationshipCollection - Parsing relationship: /_rels/.rels
[DEBUG] 2024-12-03 14:46:09.888 [main] POIXMLFactory - using default POIXMLDocumentPart for http://schemas.openxmlformats.org/officeDocument/2006/relationships/printerSettings
[DEBUG] 2024-12-03 14:46:09.898 [main] PackageRelationshipCollection - Parsing relationship: /xl/_rels/workbook.xml.rels
[DEBUG] 2024-12-03 14:46:09.899 [main] PackageRelationshipCollection - Parsing relationship: /xl/worksheets/_rels/sheet1.xml.rels
[DEBUG] 2024-12-03 14:46:09.900 [main] PackageRelationshipCollection - Parsing relationship: /_rels/.rels
[DEBUG] 2024-12-03 14:46:09.910 [main] POIXMLFactory - using default POIXMLDocumentPart for http://schemas.openxmlformats.org/officeDocument/2006/relationships/printerSettings
[DEBUG] 2024-12-03 14:46:09.921 [main] PackageRelationshipCollection - Parsing relationship: /xl/_rels/workbook.xml.rels
[DEBUG] 2024-12-03 14:46:09.922 [main] PackageRelationshipCollection - Parsing relationship: /xl/worksheets/_rels/sheet1.xml.rels
[DEBUG] 2024-12-03 14:46:09.923 [main] PackageRelationshipCollection - Parsing relationship: /_rels/.rels
[DEBUG] 2024-12-03 14:46:09.934 [main] POIXMLFactory - using default POIXMLDocumentPart for http://schemas.openxmlformats.org/officeDocument/2006/relationships/printerSettings
[DEBUG] 2024-12-03 14:46:09.948 [main] PackageRelationshipCollection - Parsing relationship: /xl/_rels/workbook.xml.rels
[DEBUG] 2024-12-03 14:46:09.949 [main] PackageRelationshipCollection - Parsing relationship: /xl/worksheets/_rels/sheet1.xml.rels
[DEBUG] 2024-12-03 14:46:09.950 [main] PackageRelationshipCollection - Parsing relationship: /_rels/.rels
[DEBUG] 2024-12-03 14:46:09.960 [main] POIXMLFactory - using default POIXMLDocumentPart for http://schemas.openxmlformats.org/officeDocument/2006/relationships/printerSettings
[INFO ] 2024-12-03 14:46:09.977 [main] TC_LoginTDDTest - ****Starting the test***
[INFO ] 2024-12-03 14:46:11.003 [main] TC_LoginTDDTest - ****Entering login and password
[INFO ] 2024-12-03 14:46:11.317 [main] TC_LoginTDDTest - ***clicking on login
[INFO ] 2024-12-03 14:46:12.997 [main] TC_LoginTDDTest - ****clicking on logout***
[INFO ] 2024-12-03 14:46:15.837 [main] TC_LoginTDDTest - ****Starting the test***
[INFO ] 2024-12-03 14:46:16.870 [main] TC_LoginTDDTest - ****Entering login and password
[INFO ] 2024-12-03 14:46:17.134 [main] TC_LoginTDDTest - ***clicking on login
[INFO ] 2024-12-03 14:46:48.252 [main] TC_LoginTDDTest - ****Starting the test***
[INFO ] 2024-12-03 14:46:50.332 [main] TC_LoginTDDTest - ****Entering login and password
[INFO ] 2024-12-03 14:46:50.604 [main] TC_LoginTDDTest - ***clicking on login
